<?xml version="1.0" encoding="UTF-8"?>
<!-- Generated by org.testng.reporters.JUnitXMLReporter -->
<testsuite ignored="0" hostname="LAPTOP-PDPJ901H" failures="0" tests="8" name="Tests" time="30.715" errors="0" timestamp="2021-06-21T15:26:05 IST">
  <testcase classname="com.mitigram.testFiles.LoginTest" name="tc01VerifyThePresenceOfLoginBtnInHomePage" time="5.271"/>
  <testcase classname="com.mitigram.testFiles.LoginTest" name="tc02VerifyThePresenceOfLoginPageFields" time="0.204"/>
  <testcase classname="com.mitigram.testFiles.LoginTest" name="tc04VerifyLoginErrorWhenNoCredentialsProvided" time="0.479"/>
  <testcase classname="com.mitigram.testFiles.LoginTest" name="tc03VerifyInvalidLogin" time="0.709"/>
  <testcase classname="com.mitigram.testFiles.LoginTest" name="tc05VerifyInvalidLoginWithoutPassword" time="0.566"/>
  <testcase classname="com.mitigram.testFiles.LoginTest" name="tc06VerifyInvalidLoginWithoutEmail" time="0.48"/>
  <testcase classname="com.mitigram.testFiles.LoginTest" name="tc07VerifyInvalidEmailFormat" time="0.624"/>
  <testcase classname="com.mitigram.testFiles.LoginTest" name="tc01VerifyThePresenceOfCareerBtnInHomePage" time="1.223"/>
</testsuite> <!-- Tests -->
