<?xml version="1.0" encoding="UTF-8"?>
<!-- Generated by org.testng.reporters.JUnitXMLReporter -->
<testsuite ignored="0" hostname="LAPTOP-PDPJ901H" failures="1" tests="2" name="TestLogin" time="25.103" errors="0" timestamp="2021-06-20T20:58:52 IST">
  <testcase classname="testFiles.CareersTest" name="clickCareers" time="5.994">
    <failure type="java.lang.AssertionError" message="Careers button in home page is not available-FAILED">
      <![CDATA[java.lang.AssertionError: Careers button in home page is not available-FAILED
at pageObjects.MitigramHomePage.clickCareersHomepage(MitigramHomePage.java:54)
at testFiles.CareersTest.clickCareers(CareersTest.java:35)
at java.base/java.util.ArrayList.forEach(ArrayList.java:1510)
at java.base/java.util.concurrent.FutureTask.run(FutureTask.java:264)
at java.base/java.util.concurrent.ThreadPoolExecutor.runWorker(ThreadPoolExecutor.java:1130)
at java.base/java.util.concurrent.ThreadPoolExecutor$Worker.run(ThreadPoolExecutor.java:630)
at java.base/java.lang.Thread.run(Thread.java:832)
... Removed 19 stack frames]]>
    </failure>
  </testcase> <!-- clickCareers -->
  <testcase classname="testFiles.LoginTest" name="clickLoginHome" time="5.962"/>
</testsuite> <!-- TestLogin -->
