<?xml version="1.0" encoding="UTF-8"?>
<!-- Generated by org.testng.reporters.JUnitXMLReporter -->
<testsuite ignored="0" hostname="LAPTOP-PDPJ901H" failures="0" tests="8" name="Tests" time="29.913" errors="0" timestamp="2021-06-21T13:59:02 IST">
  <testcase classname="com.mitigram.testFiles.LoginTest" name="tc01VerifyThePresenceOfLoginBtnInHomePage" time="7.242"/>
  <testcase classname="com.mitigram.testFiles.LoginTest" name="tc02VerifyThePresenceOfLoginPageFields" time="0.208"/>
  <testcase classname="com.mitigram.testFiles.LoginTest" name="tc03VerifyInvalidLogin" time="0.585"/>
  <testcase classname="com.mitigram.testFiles.LoginTest" name="tc04VerifyLoginErrorWhenNoCredentialsProvided" time="0.46"/>
  <testcase classname="com.mitigram.testFiles.LoginTest" name="tc05VerifyInvalidLoginWithoutPassword" time="0.493"/>
  <testcase classname="com.mitigram.testFiles.LoginTest" name="tc06VerifyInvalidLoginWithoutEmail" time="0.465"/>
  <testcase classname="com.mitigram.testFiles.LoginTest" name="tc07VerifyInvalidEmailFormat" time="0.485"/>
  <testcase classname="com.mitigram.testFiles.LoginTest" name="tc01VerifyThePresenceOfCareerBtnInHomePage" time="1.312"/>
</testsuite> <!-- Tests -->
