<?xml version="1.0" encoding="UTF-8"?>
<!-- Generated by org.testng.reporters.JUnitXMLReporter -->
<testsuite ignored="0" hostname="LAPTOP-PDPJ901H" failures="0" tests="8" name="Test1" time="23.198" errors="0" timestamp="2021-06-21T12:51:58 IST">
  <testcase classname="com.mitigram.testFiles.LoginTest" name="tc01VerifyThePresenceOfLoginBtnInHomePage" time="5.214"/>
  <testcase classname="com.mitigram.testFiles.LoginTest" name="tc02VerifyThePresenceOfLoginPageFields" time="0.189"/>
  <testcase classname="com.mitigram.testFiles.LoginTest" name="tc03VerifyInvalidLogin" time="0.624"/>
  <testcase classname="com.mitigram.testFiles.LoginTest" name="tc04VerifyLoginErrorWhenNoCredentialsProvided" time="0.442"/>
  <testcase classname="com.mitigram.testFiles.LoginTest" name="tc05VerifyInvalidLoginWithoutPassword" time="0.371"/>
  <testcase classname="com.mitigram.testFiles.LoginTest" name="tc06VerifyInvalidLoginWithoutEmail" time="0.36"/>
  <testcase classname="com.mitigram.testFiles.LoginTest" name="tc07VerifyInvalidEmailFormat" time="0.383"/>
  <testcase classname="com.mitigram.testFiles.LoginTest" name="tc01VerifyThePresenceOfCareerBtnInHomePage" time="1.366"/>
</testsuite> <!-- Test1 -->
