<?xml version="1.0" encoding="UTF-8"?>
<testng-results ignored="0" total="8" passed="8" failed="0" skipped="0">
  <reporter-output>
  </reporter-output>
  <suite started-at="2021-06-21T15:25:34 IST" name="Suite" finished-at="2021-06-21T15:26:05 IST" duration-ms="30715">
    <groups>
    </groups>
    <test started-at="2021-06-21T15:25:34 IST" name="Tests" finished-at="2021-06-21T15:26:05 IST" duration-ms="30715">
      <class name="com.mitigram.testFiles.LoginTest">
        <test-method is-config="true" signature="startUp()[pri:0, instance:com.mitigram.testFiles.LoginTest@39655d3e]" started-at="2021-06-21T15:25:34 IST" name="startUp" finished-at="2021-06-21T15:25:42 IST" duration-ms="8528" status="PASS">
          <reporter-output>
          </reporter-output>
        </test-method> <!-- startUp -->
        <test-method signature="tc01VerifyThePresenceOfLoginBtnInHomePage()[pri:0, instance:com.mitigram.testFiles.LoginTest@39655d3e]" started-at="2021-06-21T15:25:42 IST" name="tc01VerifyThePresenceOfLoginBtnInHomePage" finished-at="2021-06-21T15:25:48 IST" duration-ms="5271" status="PASS">
          <reporter-output>
          </reporter-output>
        </test-method> <!-- tc01VerifyThePresenceOfLoginBtnInHomePage -->
        <test-method signature="tc02VerifyThePresenceOfLoginPageFields()[pri:1, instance:com.mitigram.testFiles.LoginTest@39655d3e]" started-at="2021-06-21T15:25:49 IST" name="tc02VerifyThePresenceOfLoginPageFields" finished-at="2021-06-21T15:25:49 IST" duration-ms="204" status="PASS">
          <reporter-output>
          </reporter-output>
        </test-method> <!-- tc02VerifyThePresenceOfLoginPageFields -->
        <test-method signature="tc04VerifyLoginErrorWhenNoCredentialsProvided()[pri:2, instance:com.mitigram.testFiles.LoginTest@39655d3e]" started-at="2021-06-21T15:25:50 IST" name="tc04VerifyLoginErrorWhenNoCredentialsProvided" finished-at="2021-06-21T15:25:51 IST" duration-ms="479" status="PASS">
          <reporter-output>
          </reporter-output>
        </test-method> <!-- tc04VerifyLoginErrorWhenNoCredentialsProvided -->
        <test-method signature="tc03VerifyInvalidLogin()[pri:3, instance:com.mitigram.testFiles.LoginTest@39655d3e]" started-at="2021-06-21T15:25:52 IST" name="tc03VerifyInvalidLogin" finished-at="2021-06-21T15:25:53 IST" duration-ms="709" status="PASS">
          <reporter-output>
          </reporter-output>
        </test-method> <!-- tc03VerifyInvalidLogin -->
        <test-method signature="tc05VerifyInvalidLoginWithoutPassword()[pri:4, instance:com.mitigram.testFiles.LoginTest@39655d3e]" started-at="2021-06-21T15:25:54 IST" name="tc05VerifyInvalidLoginWithoutPassword" finished-at="2021-06-21T15:25:55 IST" duration-ms="566" status="PASS">
          <reporter-output>
          </reporter-output>
        </test-method> <!-- tc05VerifyInvalidLoginWithoutPassword -->
        <test-method signature="tc06VerifyInvalidLoginWithoutEmail()[pri:5, instance:com.mitigram.testFiles.LoginTest@39655d3e]" started-at="2021-06-21T15:25:56 IST" name="tc06VerifyInvalidLoginWithoutEmail" finished-at="2021-06-21T15:25:56 IST" duration-ms="480" status="PASS">
          <reporter-output>
          </reporter-output>
        </test-method> <!-- tc06VerifyInvalidLoginWithoutEmail -->
        <test-method signature="tc07VerifyInvalidEmailFormat()[pri:6, instance:com.mitigram.testFiles.LoginTest@39655d3e]" started-at="2021-06-21T15:25:58 IST" name="tc07VerifyInvalidEmailFormat" finished-at="2021-06-21T15:25:58 IST" duration-ms="624" status="PASS">
          <reporter-output>
          </reporter-output>
        </test-method> <!-- tc07VerifyInvalidEmailFormat -->
        <test-method signature="tc01VerifyThePresenceOfCareerBtnInHomePage()[pri:7, instance:com.mitigram.testFiles.LoginTest@39655d3e]" started-at="2021-06-21T15:25:59 IST" name="tc01VerifyThePresenceOfCareerBtnInHomePage" finished-at="2021-06-21T15:26:01 IST" duration-ms="1223" status="PASS">
          <reporter-output>
          </reporter-output>
        </test-method> <!-- tc01VerifyThePresenceOfCareerBtnInHomePage -->
        <test-method is-config="true" signature="tearDown()[pri:0, instance:com.mitigram.testFiles.LoginTest@39655d3e]" started-at="2021-06-21T15:26:01 IST" name="tearDown" finished-at="2021-06-21T15:26:05 IST" duration-ms="3826" status="PASS">
          <reporter-output>
          </reporter-output>
        </test-method> <!-- tearDown -->
      </class> <!-- com.mitigram.testFiles.LoginTest -->
    </test> <!-- Tests -->
  </suite> <!-- Suite -->
</testng-results>
