<?xml version="1.0" encoding="UTF-8"?>
<testng-results ignored="0" total="8" passed="8" failed="0" skipped="0">
  <reporter-output>
  </reporter-output>
  <suite started-at="2021-06-21T13:58:32 IST" name="Suite" finished-at="2021-06-21T13:59:02 IST" duration-ms="29913">
    <groups>
    </groups>
    <test started-at="2021-06-21T13:58:32 IST" name="Tests" finished-at="2021-06-21T13:59:02 IST" duration-ms="29913">
      <class name="com.mitigram.testFiles.LoginTest">
        <test-method is-config="true" signature="startUp()[pri:0, instance:com.mitigram.testFiles.LoginTest@6e4566f1]" started-at="2021-06-21T13:58:32 IST" name="startUp" finished-at="2021-06-21T13:58:39 IST" duration-ms="7062" status="PASS">
          <reporter-output>
          </reporter-output>
        </test-method> <!-- startUp -->
        <test-method signature="tc01VerifyThePresenceOfLoginBtnInHomePage()[pri:0, instance:com.mitigram.testFiles.LoginTest@6e4566f1]" started-at="2021-06-21T13:58:39 IST" name="tc01VerifyThePresenceOfLoginBtnInHomePage" finished-at="2021-06-21T13:58:47 IST" duration-ms="7242" status="PASS">
          <reporter-output>
          </reporter-output>
        </test-method> <!-- tc01VerifyThePresenceOfLoginBtnInHomePage -->
        <test-method signature="tc02VerifyThePresenceOfLoginPageFields()[pri:1, instance:com.mitigram.testFiles.LoginTest@6e4566f1]" started-at="2021-06-21T13:58:48 IST" name="tc02VerifyThePresenceOfLoginPageFields" finished-at="2021-06-21T13:58:48 IST" duration-ms="208" status="PASS">
          <reporter-output>
          </reporter-output>
        </test-method> <!-- tc02VerifyThePresenceOfLoginPageFields -->
        <test-method signature="tc03VerifyInvalidLogin()[pri:2, instance:com.mitigram.testFiles.LoginTest@6e4566f1]" started-at="2021-06-21T13:58:49 IST" name="tc03VerifyInvalidLogin" finished-at="2021-06-21T13:58:50 IST" duration-ms="585" status="PASS">
          <reporter-output>
          </reporter-output>
        </test-method> <!-- tc03VerifyInvalidLogin -->
        <test-method signature="tc04VerifyLoginErrorWhenNoCredentialsProvided()[pri:3, instance:com.mitigram.testFiles.LoginTest@6e4566f1]" started-at="2021-06-21T13:58:51 IST" name="tc04VerifyLoginErrorWhenNoCredentialsProvided" finished-at="2021-06-21T13:58:52 IST" duration-ms="460" status="PASS">
          <reporter-output>
          </reporter-output>
        </test-method> <!-- tc04VerifyLoginErrorWhenNoCredentialsProvided -->
        <test-method signature="tc05VerifyInvalidLoginWithoutPassword()[pri:4, instance:com.mitigram.testFiles.LoginTest@6e4566f1]" started-at="2021-06-21T13:58:53 IST" name="tc05VerifyInvalidLoginWithoutPassword" finished-at="2021-06-21T13:58:53 IST" duration-ms="493" status="PASS">
          <reporter-output>
          </reporter-output>
        </test-method> <!-- tc05VerifyInvalidLoginWithoutPassword -->
        <test-method signature="tc06VerifyInvalidLoginWithoutEmail()[pri:5, instance:com.mitigram.testFiles.LoginTest@6e4566f1]" started-at="2021-06-21T13:58:55 IST" name="tc06VerifyInvalidLoginWithoutEmail" finished-at="2021-06-21T13:58:55 IST" duration-ms="465" status="PASS">
          <reporter-output>
          </reporter-output>
        </test-method> <!-- tc06VerifyInvalidLoginWithoutEmail -->
        <test-method signature="tc07VerifyInvalidEmailFormat()[pri:6, instance:com.mitigram.testFiles.LoginTest@6e4566f1]" started-at="2021-06-21T13:58:57 IST" name="tc07VerifyInvalidEmailFormat" finished-at="2021-06-21T13:58:57 IST" duration-ms="485" status="PASS">
          <reporter-output>
          </reporter-output>
        </test-method> <!-- tc07VerifyInvalidEmailFormat -->
        <test-method signature="tc01VerifyThePresenceOfCareerBtnInHomePage()[pri:7, instance:com.mitigram.testFiles.LoginTest@6e4566f1]" started-at="2021-06-21T13:58:58 IST" name="tc01VerifyThePresenceOfCareerBtnInHomePage" finished-at="2021-06-21T13:59:00 IST" duration-ms="1312" status="PASS">
          <reporter-output>
          </reporter-output>
        </test-method> <!-- tc01VerifyThePresenceOfCareerBtnInHomePage -->
        <test-method is-config="true" signature="tearDown()[pri:0, instance:com.mitigram.testFiles.LoginTest@6e4566f1]" started-at="2021-06-21T13:59:00 IST" name="tearDown" finished-at="2021-06-21T13:59:02 IST" duration-ms="2243" status="PASS">
          <reporter-output>
          </reporter-output>
        </test-method> <!-- tearDown -->
      </class> <!-- com.mitigram.testFiles.LoginTest -->
    </test> <!-- Tests -->
  </suite> <!-- Suite -->
</testng-results>
