<?xml version="1.0" encoding="UTF-8"?>
<!-- Generated by org.testng.reporters.JUnitXMLReporter -->
<testsuite ignored="0" hostname="LAPTOP-PDPJ901H" failures="0" tests="8" name="Default test" time="16.709" errors="0" timestamp="2021-06-21T13:18:23 IST">
  <testcase classname="com.mitigram.testFiles.LoginTest" name="tc01VerifyThePresenceOfLoginBtnInHomePage" time="5.314"/>
  <testcase classname="com.mitigram.testFiles.LoginTest" name="tc02VerifyThePresenceOfLoginPageFields" time="0.204"/>
  <testcase classname="com.mitigram.testFiles.LoginTest" name="tc03VerifyInvalidLogin" time="0.583"/>
  <testcase classname="com.mitigram.testFiles.LoginTest" name="tc04VerifyLoginErrorWhenNoCredentialsProvided" time="0.461"/>
  <testcase classname="com.mitigram.testFiles.LoginTest" name="tc05VerifyInvalidLoginWithoutPassword" time="0.493"/>
  <testcase classname="com.mitigram.testFiles.LoginTest" name="tc06VerifyInvalidLoginWithoutEmail" time="0.434"/>
  <testcase classname="com.mitigram.testFiles.LoginTest" name="tc07VerifyInvalidEmailFormat" time="0.486"/>
  <testcase classname="com.mitigram.testFiles.LoginTest" name="tc01VerifyThePresenceOfCareerBtnInHomePage" time="2.081"/>
</testsuite> <!-- Default test -->
